2026-01-06 22:42:22 | DarkFactory | INFO     | logger.py:91 | 📝 Sistema de logs inicializado com sucesso
2026-01-06 22:42:22 | DarkFactory | INFO     | logger.py:94 | ✅ Operação concluída com sucesso
2026-01-06 22:42:22 | DarkFactory | WARNING  | logger.py:97 | ⚠️  Aviso: Configuração incompleta
2026-01-06 22:42:22 | DarkFactory | ERROR    | logger.py:100 | ❌ Erro: Arquivo não encontrado
2026-01-06 22:42:22 | DarkFactory | DEBUG    | logger.py:103 | 🔧 Informação de debug
2026-01-06 22:42:22 | DarkFactory | INFO     | logger.py:106 | 🏭 PRODUCTION START | ID: DF-20240115-001 | THEME: clipe de papel
2026-01-06 22:42:22 | DarkFactory | INFO     | logger.py:109 |    ↳ Seleção de tema clipe de papel
2026-01-06 22:42:22 | DarkFactory | INFO     | logger.py:109 |    ↳ Geração de roteiro 512 caracteres
2026-01-06 22:42:22 | DarkFactory | INFO     | logger.py:109 |    ↳ Síntese de áudio 45 segundos
2026-01-06 22:42:22 | DarkFactory | INFO     | logger.py:113 | 🏁 PRODUCTION END | ID: DF-20240115-001 | STATUS: SUCCESS | DURATION: 2m 15s
2026-01-06 22:42:22 | DarkFactory | INFO     | logger.py:116 | 🌐 API CALL | SERVICE: YouTube | ENDPOINT: videos.insert | STATUS: 200 OK
2026-01-06 22:45:10 | DarkFactory | INFO     | logger.py:91 | 📝 Sistema de logs inicializado com sucesso
2026-01-06 22:45:10 | DarkFactory | INFO     | logger.py:94 | ✅ Operação concluída com sucesso
2026-01-06 22:45:10 | DarkFactory | WARNING  | logger.py:97 | ⚠️  Aviso: Configuração incompleta
2026-01-06 22:45:10 | DarkFactory | ERROR    | logger.py:100 | ❌ Erro: Arquivo não encontrado
2026-01-06 22:45:10 | DarkFactory | DEBUG    | logger.py:103 | 🔧 Informação de debug
2026-01-06 22:45:10 | DarkFactory | INFO     | logger.py:106 | 🏭 PRODUCTION START | ID: DF-20240115-001 | THEME: clipe de papel
2026-01-06 22:45:10 | DarkFactory | INFO     | logger.py:109 |    ↳ Seleção de tema clipe de papel
2026-01-06 22:45:10 | DarkFactory | INFO     | logger.py:109 |    ↳ Geração de roteiro 512 caracteres
2026-01-06 22:45:10 | DarkFactory | INFO     | logger.py:109 |    ↳ Síntese de áudio 45 segundos
2026-01-06 22:45:10 | DarkFactory | INFO     | logger.py:113 | 🏁 PRODUCTION END | ID: DF-20240115-001 | STATUS: SUCCESS | DURATION: 2m 15s
2026-01-06 22:45:10 | DarkFactory | INFO     | logger.py:116 | 🌐 API CALL | SERVICE: YouTube | ENDPOINT: videos.insert | STATUS: 200 OK
2026-01-06 23:01:42 | DarkFactory | INFO     | logger.py:91 | 📝 Teste do sistema de logs
2026-01-06 23:01:42 | DarkFactory | INFO     | logger.py:94 | ✅ Import funcionando!
2026-01-06 23:01:42 | DarkFactory | ERROR    | logger.py:100 | ❌ Erro ao carregar JSON: Unexpected UTF-8 BOM (decode using utf-8-sig): line 1 column 1 (char 0)
2026-01-06 23:01:42 | DarkFactory | INFO     | logger.py:91 | 📝 ThemeManager inicializado com 0 temas
2026-01-06 23:01:42 | DarkFactory | WARNING  | logger.py:97 | ⚠️  Nenhum tema disponível
